<?xml version="1.0" encoding="UTF-8"?>
<!-- Generated by org.testng.reporters.JUnitXMLReporter -->
<testsuite ignored="0" hostname="NishMage" failures="0" tests="3" name="Default test" time="0.068" errors="0" timestamp="2025-08-16T11:17:57 IST">
  <testcase classname="Amazon.Wishlist" name="@BeforeTest driverInit" time="-1.755323277565E9">
    <failure type="org.testng.TestNGException" message="
Parameter &amp;apos;browser&amp;apos; is required by BeforeTest on method driverInit but has not been marked @Optional or defined
in C:\Users\mages\AppData\Local\Temp\testng-eclipse--612426523\testng-customsuite.xml">
      <![CDATA[org.testng.TestNGException: 
Parameter 'browser' is required by BeforeTest on method driverInit but has not been marked @Optional or defined
in C:\Users\mages\AppData\Local\Temp\testng-eclipse--612426523\testng-customsuite.xml
at org.testng.internal.Parameters.createParams(Parameters.java:264)
at org.testng.internal.Parameters.createParametersForMethod(Parameters.java:352)
at org.testng.internal.Parameters.createParameters(Parameters.java:690)
at org.testng.internal.Parameters.createConfigurationParameters(Parameters.java:163)
at org.testng.internal.invokers.ConfigInvoker.invokeConfigurations(ConfigInvoker.java:313)
at org.testng.TestRunner.invokeTestConfigurations(TestRunner.java:657)
at org.testng.TestRunner.beforeRun(TestRunner.java:646)
at org.testng.TestRunner.run(TestRunner.java:612)
at org.testng.SuiteRunner.runTest(SuiteRunner.java:421)
at org.testng.SuiteRunner.runSequentially(SuiteRunner.java:413)
at org.testng.SuiteRunner.privateRun(SuiteRunner.java:373)
at org.testng.SuiteRunner.run(SuiteRunner.java:312)
at org.testng.SuiteRunnerWorker.runSuite(SuiteRunnerWorker.java:52)
at org.testng.SuiteRunnerWorker.run(SuiteRunnerWorker.java:95)
at org.testng.TestNG.runSuitesSequentially(TestNG.java:1274)
at org.testng.TestNG.runSuitesLocally(TestNG.java:1208)
at org.testng.TestNG.runSuites(TestNG.java:1112)
at org.testng.TestNG.run(TestNG.java:1079)
at org.testng.remote.AbstractRemoteTestNG.run(AbstractRemoteTestNG.java:115)
at org.testng.remote.RemoteTestNG.initAndRun(RemoteTestNG.java:293)
at org.testng.remote.RemoteTestNG.main(RemoteTestNG.java:91)
]]>
    </failure>
  </testcase> <!-- @BeforeTest driverInit -->
  <testcase classname="Amazon.Wishlist" name="@BeforeClass Login" time="0.0">
    <skipped/>
  </testcase> <!-- @BeforeClass Login -->
  <testcase classname="Amazon.Wishlist" name="@AfterClass logout" time="0.0">
    <skipped/>
  </testcase> <!-- @AfterClass logout -->
  <testcase classname="Amazon.Wishlist" name="@AfterTest driverClose" time="0.0">
    <skipped/>
  </testcase> <!-- @AfterTest driverClose -->
  <testcase classname="Amazon.Wishlist" name="search_products" time="0.001">
    <skipped/>
  </testcase> <!-- search_products -->
  <testcase classname="Amazon.Wishlist" name="filter_select_products" time="0.0">
    <skipped/>
  </testcase> <!-- filter_select_products -->
  <testcase classname="Amazon.Wishlist" name="add_to_wishlist" time="0.0">
    <skipped/>
  </testcase> <!-- add_to_wishlist -->
</testsuite> <!-- Default test -->
